# JRE version: Java(TM) SE Runtime Environment (7.0_75-b13) (build 1.7.0_75-b13)
# Java VM: Java HotSpot(TM) 64-Bit Server VM (24.75-b04 mixed mode windows-amd64 compressed oops)
Heap
 PSYoungGen      total 285184K, used 111130K [0x00000007d5e80000, 0x00000007f9480000, 0x0000000800000000)
  eden space 262144K, 33% used [0x00000007d5e80000,0x00000007db489568,0x00000007e5e80000)
  from space 23040K, 99% used [0x00000007e5e80000,0x00000007e74fd618,0x00000007e7500000)
  to   space 27648K, 0% used [0x00000007f7980000,0x00000007f7980000,0x00000007f9480000)
 ParOldGen       total 86016K, used 25910K [0x0000000781c00000, 0x0000000787000000, 0x00000007d5e80000)
  object space 86016K, 30% used [0x0000000781c00000,0x000000078354d8d8,0x0000000787000000)
 PSPermGen       total 51200K, used 50702K [0x000000077ca00000, 0x000000077fc00000, 0x0000000781c00000)
  object space 51200K, 99% used [0x000000077ca00000,0x000000077fb83b38,0x000000077fc00000)
GC Heap History (10 events):
Event: 1.999 GC heap before
{Heap before GC invocations=3 (full 0):
 PSYoungGen      total 71680K, used 71662K [0x00000007d5e80000, 0x00000007da980000, 0x0000000800000000)
  eden space 66560K, 100% used [0x00000007d5e80000,0x00000007d9f80000,0x00000007d9f80000)
  from space 5120K, 99% used [0x00000007da480000,0x00000007da97b840,0x00000007da980000)
  to   space 5120K, 0% used [0x00000007d9f80000,0x00000007d9f80000,0x00000007da480000)
 ParOldGen       total 86016K, used 1532K [0x0000000781c00000, 0x0000000787000000, 0x00000007d5e80000)
  object space 86016K, 1% used [0x0000000781c00000,0x0000000781d7f2f8,0x0000000787000000)
 PSPermGen       total 21504K, used 13772K [0x000000077ca00000, 0x000000077df00000, 0x0000000781c00000)
  object space 21504K, 64% used [0x000000077ca00000,0x000000077d773208,0x000000077df00000)
Event: 2.009 GC heap after
Heap after GC invocations=3 (full 0):
 PSYoungGen      total 71680K, used 5104K [0x00000007d5e80000, 0x00000007dea80000, 0x0000000800000000)
  eden space 66560K, 0% used [0x00000007d5e80000,0x00000007d5e80000,0x00000007d9f80000)
  from space 5120K, 99% used [0x00000007d9f80000,0x00000007da47c010,0x00000007da480000)
  to   space 5120K, 0% used [0x00000007de580000,0x00000007de580000,0x00000007dea80000)
 ParOldGen       total 86016K, used 6710K [0x0000000781c00000, 0x0000000787000000, 0x00000007d5e80000)
  object space 86016K, 7% used [0x0000000781c00000,0x000000078228da30,0x0000000787000000)
 PSPermGen       total 21504K, used 13772K [0x000000077ca00000, 0x000000077df00000, 0x0000000781c00000)
  object space 21504K, 64% used [0x000000077ca00000,0x000000077d773208,0x000000077df00000)
}
Event: 3.229 GC heap before
{Heap before GC invocations=4 (full 0):
 PSYoungGen      total 71680K, used 71664K [0x00000007d5e80000, 0x00000007dea80000, 0x0000000800000000)
  eden space 66560K, 100% used [0x00000007d5e80000,0x00000007d9f80000,0x00000007d9f80000)
  from space 5120K, 99% used [0x00000007d9f80000,0x00000007da47c010,0x00000007da480000)
  to   space 5120K, 0% used [0x00000007de580000,0x00000007de580000,0x00000007dea80000)
 ParOldGen       total 86016K, used 6710K [0x0000000781c00000, 0x0000000787000000, 0x00000007d5e80000)
  object space 86016K, 7% used [0x0000000781c00000,0x000000078228da30,0x0000000787000000)
 PSPermGen       total 21504K, used 15098K [0x000000077ca00000, 0x000000077df00000, 0x0000000781c00000)
  object space 21504K, 70% used [0x000000077ca00000,0x000000077d8be9b0,0x000000077df00000)
Event: 3.239 GC heap after
Heap after GC invocations=4 (full 0):
 PSYoungGen      total 138240K, used 5104K [0x00000007d5e80000, 0x00000007dea80000, 0x0000000800000000)
  eden space 133120K, 0% used [0x00000007d5e80000,0x00000007d5e80000,0x00000007de080000)
  from space 5120K, 99% used [0x00000007de580000,0x00000007dea7c010,0x00000007dea80000)
  to   space 5120K, 0% used [0x00000007de080000,0x00000007de080000,0x00000007de580000)
 ParOldGen       total 86016K, used 11579K [0x0000000781c00000, 0x0000000787000000, 0x00000007d5e80000)
  object space 86016K, 13% used [0x0000000781c00000,0x000000078274edb0,0x0000000787000000)
 PSPermGen       total 21504K, used 15098K [0x000000077ca00000, 0x000000077df00000, 0x0000000781c00000)
  object space 21504K, 70% used [0x000000077ca00000,0x000000077d8be9b0,0x000000077df00000)
}
Event: 5.155 GC heap before
{Heap before GC invocations=5 (full 0):
 PSYoungGen      total 138240K, used 138224K [0x00000007d5e80000, 0x00000007dea80000, 0x0000000800000000)
  eden space 133120K, 100% used [0x00000007d5e80000,0x00000007de080000,0x00000007de080000)
  from space 5120K, 99% used [0x00000007de580000,0x00000007dea7c010,0x00000007dea80000)
  to   space 5120K, 0% used [0x00000007de080000,0x00000007de080000,0x00000007de580000)
 ParOldGen       total 86016K, used 11579K [0x0000000781c00000, 0x0000000787000000, 0x00000007d5e80000)
  object space 86016K, 13% used [0x0000000781c00000,0x000000078274edb0,0x0000000787000000)
 PSPermGen       total 27648K, used 27226K [0x000000077ca00000, 0x000000077e500000, 0x0000000781c00000)
  object space 27648K, 98% used [0x000000077ca00000,0x000000077e496b60,0x000000077e500000)
Event: 5.168 GC heap after
Heap after GC invocations=5 (full 0):
 PSYoungGen      total 138240K, used 5088K [0x00000007d5e80000, 0x00000007e8780000, 0x0000000800000000)
  eden space 133120K, 0% used [0x00000007d5e80000,0x00000007d5e80000,0x00000007de080000)
  from space 5120K, 99% used [0x00000007de080000,0x00000007de578020,0x00000007de580000)
  to   space 18944K, 0% used [0x00000007e7500000,0x00000007e7500000,0x00000007e8780000)
 ParOldGen       total 86016K, used 23921K [0x0000000781c00000, 0x0000000787000000, 0x00000007d5e80000)
  object space 86016K, 27% used [0x0000000781c00000,0x000000078335c560,0x0000000787000000)
 PSPermGen       total 27648K, used 27226K [0x000000077ca00000, 0x000000077e500000, 0x0000000781c00000)
  object space 27648K, 98% used [0x000000077ca00000,0x000000077e496b60,0x000000077e500000)
}
Event: 6.526 GC heap before
{Heap before GC invocations=6 (full 0):
 PSYoungGen      total 138240K, used 138208K [0x00000007d5e80000, 0x00000007e8780000, 0x0000000800000000)
  eden space 133120K, 100% used [0x00000007d5e80000,0x00000007de080000,0x00000007de080000)
  from space 5120K, 99% used [0x00000007de080000,0x00000007de578020,0x00000007de580000)
  to   space 18944K, 0% used [0x00000007e7500000,0x00000007e7500000,0x00000007e8780000)
 ParOldGen       total 86016K, used 23921K [0x0000000781c00000, 0x0000000787000000, 0x00000007d5e80000)
  object space 86016K, 27% used [0x0000000781c00000,0x000000078335c560,0x0000000787000000)
 PSPermGen       total 40960K, used 40519K [0x000000077ca00000, 0x000000077f200000, 0x0000000781c00000)
  object space 40960K, 98% used [0x000000077ca00000,0x000000077f191cb8,0x000000077f200000)
Event: 6.543 GC heap after
Heap after GC invocations=6 (full 0):
 PSYoungGen      total 281088K, used 18943K [0x00000007d5e80000, 0x00000007e8f80000, 0x0000000800000000)
  eden space 262144K, 0% used [0x00000007d5e80000,0x00000007d5e80000,0x00000007e5e80000)
  from space 18944K, 99% used [0x00000007e7500000,0x00000007e877fe50,0x00000007e8780000)
  to   space 23040K, 0% used [0x00000007e5e80000,0x00000007e5e80000,0x00000007e7500000)
 ParOldGen       total 86016K, used 24620K [0x0000000781c00000, 0x0000000787000000, 0x00000007d5e80000)
  object space 86016K, 28% used [0x0000000781c00000,0x000000078340b0b0,0x0000000787000000)
 PSPermGen       total 40960K, used 40519K [0x000000077ca00000, 0x000000077f200000, 0x0000000781c00000)
  object space 40960K, 98% used [0x000000077ca00000,0x000000077f191cb8,0x000000077f200000)
}
Event: 4467.879 GC heap before
{Heap before GC invocations=7 (full 0):
 PSYoungGen      total 281088K, used 281087K [0x00000007d5e80000, 0x00000007e8f80000, 0x0000000800000000)
  eden space 262144K, 100% used [0x00000007d5e80000,0x00000007e5e80000,0x00000007e5e80000)
  from space 18944K, 99% used [0x00000007e7500000,0x00000007e877fe50,0x00000007e8780000)
  to   space 23040K, 0% used [0x00000007e5e80000,0x00000007e5e80000,0x00000007e7500000)
 ParOldGen       total 86016K, used 24620K [0x0000000781c00000, 0x0000000787000000, 0x00000007d5e80000)
  object space 86016K, 28% used [0x0000000781c00000,0x000000078340b0b0,0x0000000787000000)
 PSPermGen       total 50688K, used 50274K [0x000000077ca00000, 0x000000077fb80000, 0x0000000781c00000)
  object space 50688K, 99% used [0x000000077ca00000,0x000000077fb18a00,0x000000077fb80000)
Event: 4467.920 GC heap after
Heap after GC invocations=7 (full 0):
 PSYoungGen      total 285184K, used 23029K [0x00000007d5e80000, 0x00000007f9480000, 0x0000000800000000)
  eden space 262144K, 0% used [0x00000007d5e80000,0x00000007d5e80000,0x00000007e5e80000)
  from space 23040K, 99% used [0x00000007e5e80000,0x00000007e74fd618,0x00000007e7500000)
  to   space 27648K, 0% used [0x00000007f7980000,0x00000007f7980000,0x00000007f9480000)
 ParOldGen       total 86016K, used 25910K [0x0000000781c00000, 0x0000000787000000, 0x00000007d5e80000)
  object space 86016K, 30% used [0x0000000781c00000,0x000000078354d8d8,0x0000000787000000)
 PSPermGen       total 50688K, used 50274K [0x000000077ca00000, 0x000000077fb80000, 0x0000000781c00000)
  object space 50688K, 99% used [0x000000077ca00000,0x000000077fb18a00,0x000000077fb80000)
}

